<?xml version="1.0" encoding="UTF-8" ?>
<testsuite tests="11" failures="0" name="DebtTest" time="0.217" errors="0" skipped="0">
  <properties>
[...]
</properties>
  <testcase classname="DebtTest" name="hasMethodWaitOneYear" time="0.042"/>
  <testcase classname="DebtTest" name="testaaTulostus3" time="0.17"/>
  <testcase classname="DebtTest" name="waitOneYearChangesTheBalance" time="0.002"/>
  <testcase classname="DebtTest" name="testPrinting2" time="0"/>
  <testcase classname="DebtTest" name="waitOneYearDoesNotPrintAnything" time="0"/>
  <testcase classname="DebtTest" name="testPrinting" time="0.001"/>
  <testcase classname="DebtTest" name="hasMethodPrintBalance" time="0.002"/>
  <testcase classname="DebtTest" name="waitOneYearChangesTheBalance2" time="0"/>
  <testcase classname="DebtTest" name="classIsPublic" time="0"/>
  <testcase classname="DebtTest" name="noExtraVariables" time="0"/>
  <testcase classname="DebtTest" name="testConstructor" time="0"/>
</testsuite>